{"numTotalTestSuites":10,"numPassedTestSuites":10,"numFailedTestSuites":0,"numPendingTestSuites":0,"numTotalTests":33,"numPassedTests":33,"numFailedTests":0,"numPendingTests":0,"numTodoTests":0,"snapshot":{"added":0,"failure":false,"filesAdded":0,"filesRemoved":0,"filesRemovedList":[],"filesUnmatched":0,"filesUpdated":0,"matched":0,"total":0,"unchecked":0,"uncheckedKeysByFile":[],"unmatched":0,"updated":0,"didUpdate":false},"startTime":1775187631493,"success":true,"testResults":[{"assertionResults":[{"ancestorTitles":["GameEngine - QA Checklist Fixes","@qa:S02 Life Cards após mulligan"],"fullName":"GameEngine - QA Checklist Fixes @qa:S02 Life Cards após mulligan should keep life_cards empty during setup and distribute only after both players keep hand","status":"passed","title":"should keep life_cards empty during setup and distribute only after both players keep hand","duration":1.6099169999999958,"failureMessages":[],"meta":{},"tags":[]},{"ancestorTitles":["GameEngine - QA Checklist Fixes","@qa:T01 on_leave antes do trash"],"fullName":"GameEngine - QA Checklist Fixes @qa:T01 on_leave antes do trash should remove the character from the field before executing on_leave","status":"passed","title":"should remove the character from the field before executing on_leave","duration":0.16825000000000045,"failureMessages":[],"meta":{},"tags":[]},{"ancestorTitles":["GameEngine - QA Checklist Fixes","@qa:T01 on_leave antes do trash"],"fullName":"GameEngine - QA Checklist Fixes @qa:T01 on_leave antes do trash should handle chained on_leave effects successfully without corrupting the state","status":"passed","title":"should handle chained on_leave effects successfully without corrupting the state","duration":0.15570800000000418,"failureMessages":[],"meta":{},"tags":[]},{"ancestorTitles":["GameEngine - QA Checklist Fixes","@qa:T02 Main Phase irreversível"],"fullName":"GameEngine - QA Checklist Fixes @qa:T02 Main Phase irreversível should ignore main-phase actions after END_MAIN_PHASE has been processed","status":"passed","title":"should ignore main-phase actions after END_MAIN_PHASE has been processed","duration":0.4975419999999815,"failureMessages":[],"meta":{},"tags":[]},{"ancestorTitles":["GameEngine - QA Checklist Fixes","@qa:T03 Buffs expiram no End Phase do ativo"],"fullName":"GameEngine - QA Checklist Fixes @qa:T03 Buffs expiram no End Phase do ativo should clear buffs at End Phase of the active player","status":"passed","title":"should clear buffs at End Phase of the active player","duration":0.3487920000000031,"failureMessages":[],"meta":{},"tags":[]},{"ancestorTitles":["GameEngine - QA Checklist Fixes","Fase 2 - Ataque e Defesa"],"fullName":"GameEngine - QA Checklist Fixes Fase 2 - Ataque e Defesa @qa:A01 should lock attacker power upon declaration and await defense","status":"passed","title":"@qa:A01 should lock attacker power upon declaration and await defense","duration":0.2503330000000119,"failureMessages":[],"meta":{},"tags":[]},{"ancestorTitles":["GameEngine - QA Checklist Fixes","Fase 2 - Ataque e Defesa"],"fullName":"GameEngine - QA Checklist Fixes Fase 2 - Ataque e Defesa @qa:A03 should not allow other main phase actions when attack is pending","status":"passed","title":"@qa:A03 should not allow other main phase actions when attack is pending","duration":0.18037500000002638,"failureMessages":[],"meta":{},"tags":[]},{"ancestorTitles":["GameEngine - QA Checklist Fixes","Fase 2 - Ataque e Defesa"],"fullName":"GameEngine - QA Checklist Fixes Fase 2 - Ataque e Defesa @qa:A04 should cancel attack if target is removed before resolution","status":"passed","title":"@qa:A04 should cancel attack if target is removed before resolution","duration":0.5466659999999877,"failureMessages":[],"meta":{},"tags":[]},{"ancestorTitles":["GameEngine - QA Checklist Fixes","Fase 2 - Ataque e Defesa"],"fullName":"GameEngine - QA Checklist Fixes Fase 2 - Ataque e Defesa @qa:A05 should allow attacking rested blockers but not active ones directly","status":"passed","title":"@qa:A05 should allow attacking rested blockers but not active ones directly","duration":0.26120800000001054,"failureMessages":[],"meta":{},"tags":[]},{"ancestorTitles":["GameEngine - QA Checklist Fixes","Fase 2 - Ataque e Defesa"],"fullName":"GameEngine - QA Checklist Fixes Fase 2 - Ataque e Defesa @qa:A06 should handle exact singular defense step (Blocker or Counter)","status":"passed","title":"@qa:A06 should handle exact singular defense step (Blocker or Counter)","duration":0.4012909999999863,"failureMessages":[],"meta":{},"tags":[]},{"ancestorTitles":["GameEngine - QA Checklist Fixes","Fase 2 - Ataque e Defesa"],"fullName":"GameEngine - QA Checklist Fixes Fase 2 - Ataque e Defesa @qa:A02 should trigger on_leave correctly when blocker is K.O.d","status":"passed","title":"@qa:A02 should trigger on_leave correctly when blocker is K.O.d","duration":0.2681670000000054,"failureMessages":[],"meta":{},"tags":[]},{"ancestorTitles":["GameEngine - QA Checklist Fixes","Fase 3 - Efeitos e Keywords"],"fullName":"GameEngine - QA Checklist Fixes Fase 3 - Efeitos e Keywords @qa:E01 should process effects using a LIFO stack","status":"passed","title":"@qa:E01 should process effects using a LIFO stack","duration":0.234375,"failureMessages":[],"meta":{},"tags":[]},{"ancestorTitles":["GameEngine - QA Checklist Fixes","Fase 3 - Efeitos e Keywords"],"fullName":"GameEngine - QA Checklist Fixes Fase 3 - Efeitos e Keywords @qa:E02 should resolve direct KO on the chosen opponent character without any defense window","status":"passed","title":"@qa:E02 should resolve direct KO on the chosen opponent character without any defense window","duration":0.10991699999999582,"failureMessages":[],"meta":{},"tags":[]},{"ancestorTitles":["GameEngine - QA Checklist Fixes","Fase 3 - Efeitos e Keywords"],"fullName":"GameEngine - QA Checklist Fixes Fase 3 - Efeitos e Keywords @qa:E03 should move searched cards to the controller hand without exposing content to the opponent view","status":"passed","title":"@qa:E03 should move searched cards to the controller hand without exposing content to the opponent view","duration":0.3657500000000198,"failureMessages":[],"meta":{},"tags":[]},{"ancestorTitles":["GameEngine - QA Checklist Fixes","Fase 3 - Efeitos e Keywords"],"fullName":"GameEngine - QA Checklist Fixes Fase 3 - Efeitos e Keywords @qa:E04 should discard up to hand length without throwing error","status":"passed","title":"@qa:E04 should discard up to hand length without throwing error","duration":0.07033399999997414,"failureMessages":[],"meta":{},"tags":[]},{"ancestorTitles":["GameEngine - QA Checklist Fixes","Fase 3 - Efeitos e Keywords"],"fullName":"GameEngine - QA Checklist Fixes Fase 3 - Efeitos e Keywords @qa:E05 should restrict activate_main to once per turn","status":"passed","title":"@qa:E05 should restrict activate_main to once per turn","duration":0.2516250000000184,"failureMessages":[],"meta":{},"tags":[]},{"ancestorTitles":["GameEngine - QA Checklist Fixes","Fase 3 - Efeitos e Keywords"],"fullName":"GameEngine - QA Checklist Fixes Fase 3 - Efeitos e Keywords @qa:E06 should reject invalid counter cards during defense phase","status":"passed","title":"@qa:E06 should reject invalid counter cards during defense phase","duration":0.22508300000001213,"failureMessages":[],"meta":{},"tags":[]},{"ancestorTitles":["GameEngine - QA Checklist Fixes","Fase 3 - Efeitos e Keywords"],"fullName":"GameEngine - QA Checklist Fixes Fase 3 - Efeitos e Keywords @qa:C04 should put attacked Life Card into removed location if attacker has banish","status":"passed","title":"@qa:C04 should put attacked Life Card into removed location if attacker has banish","duration":0.26804099999998243,"failureMessages":[],"meta":{},"tags":[]},{"ancestorTitles":["GameEngine - QA Checklist Fixes","Fase 3 - Efeitos e Keywords"],"fullName":"GameEngine - QA Checklist Fixes Fase 3 - Efeitos e Keywords @qa:C05 should allow attacking after rested once if character has double_attack flag","status":"passed","title":"@qa:C05 should allow attacking after rested once if character has double_attack flag","duration":0.7411659999999927,"failureMessages":[],"meta":{},"tags":[]},{"ancestorTitles":["GameEngine - QA Checklist Fixes","Fase 4 - Triggers, Vitória e Edge Cases"],"fullName":"GameEngine - QA Checklist Fixes Fase 4 - Triggers, Vitória e Edge Cases @qa:L01 should resolve chained life triggers through FIFO queue until the chain ends","status":"passed","title":"@qa:L01 should resolve chained life triggers through FIFO queue until the chain ends","duration":0.32937499999999886,"failureMessages":[],"meta":{},"tags":[]},{"ancestorTitles":["GameEngine - QA Checklist Fixes","Fase 4 - Triggers, Vitória e Edge Cases"],"fullName":"GameEngine - QA Checklist Fixes Fase 4 - Triggers, Vitória e Edge Cases @qa:L02 should resolve a life trigger automatically without waiting for player input","status":"passed","title":"@qa:L02 should resolve a life trigger automatically without waiting for player input","duration":0.23112500000002,"failureMessages":[],"meta":{},"tags":[]},{"ancestorTitles":["GameEngine - QA Checklist Fixes","Fase 4 - Triggers, Vitória e Edge Cases"],"fullName":"GameEngine - QA Checklist Fixes Fase 4 - Triggers, Vitória e Edge Cases @qa:L03 should resolve trigger-played blockers only after the attack is fully over","status":"passed","title":"@qa:L03 should resolve trigger-played blockers only after the attack is fully over","duration":0.2787500000000023,"failureMessages":[],"meta":{},"tags":[]},{"ancestorTitles":["GameEngine - QA Checklist Fixes","Fase 4 - Triggers, Vitória e Edge Cases"],"fullName":"GameEngine - QA Checklist Fixes Fase 4 - Triggers, Vitória e Edge Cases @qa:C01 should reject playing a sixth character before paying DON cost","status":"passed","title":"@qa:C01 should reject playing a sixth character before paying DON cost","duration":0.4680840000000046,"failureMessages":[],"meta":{},"tags":[]},{"ancestorTitles":["GameEngine - QA Checklist Fixes","Fase 4 - Triggers, Vitória e Edge Cases"],"fullName":"GameEngine - QA Checklist Fixes Fase 4 - Triggers, Vitória e Edge Cases @qa:C02 should immediately lose on draw phase when the active player has no deck","status":"passed","title":"@qa:C02 should immediately lose on draw phase when the active player has no deck","duration":0.13300000000000978,"failureMessages":[],"meta":{},"tags":[]},{"ancestorTitles":["GameEngine - QA Checklist Fixes","Fase 4 - Triggers, Vitória e Edge Cases"],"fullName":"GameEngine - QA Checklist Fixes Fase 4 - Triggers, Vitória e Edge Cases @qa:C03 should allow a rush character to attack without any DON boost after being played","status":"passed","title":"@qa:C03 should allow a rush character to attack without any DON boost after being played","duration":0.23266699999999219,"failureMessages":[],"meta":{},"tags":[]},{"ancestorTitles":["GameEngine - QA Checklist Fixes","Fase 4 - Triggers, Vitória e Edge Cases"],"fullName":"GameEngine - QA Checklist Fixes Fase 4 - Triggers, Vitória e Edge Cases @qa:V01 should honor the first win condition detected in execution order","status":"passed","title":"@qa:V01 should honor the first win condition detected in execution order","duration":0.216542000000004,"failureMessages":[],"meta":{},"tags":[]},{"ancestorTitles":["GameEngine - QA Checklist Fixes","Fase 4 - Triggers, Vitória e Edge Cases"],"fullName":"GameEngine - QA Checklist Fixes Fase 4 - Triggers, Vitória e Edge Cases @qa:V02 should stop resolving the remaining chain as soon as a win condition is met","status":"passed","title":"@qa:V02 should stop resolving the remaining chain as soon as a win condition is met","duration":0.07724999999999227,"failureMessages":[],"meta":{},"tags":[]},{"ancestorTitles":["GameEngine - QA Checklist Fixes","Fase 4 - Triggers, Vitória e Edge Cases"],"fullName":"GameEngine - QA Checklist Fixes Fase 4 - Triggers, Vitória e Edge Cases @qa:V03 should ignore any further actions after the game is finished mid-phase","status":"passed","title":"@qa:V03 should ignore any further actions after the game is finished mid-phase","duration":0.045457999999996446,"failureMessages":[],"meta":{},"tags":[]},{"ancestorTitles":["GameEngine - QA Checklist Fixes","Fase 4 - Triggers, Vitória e Edge Cases"],"fullName":"GameEngine - QA Checklist Fixes Fase 4 - Triggers, Vitória e Edge Cases @qa:C06 should allow hands to grow without any end-phase discard limit","status":"passed","title":"@qa:C06 should allow hands to grow without any end-phase discard limit","duration":0.18333300000000463,"failureMessages":[],"meta":{},"tags":[]},{"ancestorTitles":["GameEngine - QA Checklist Fixes","Fase 5 - IA e Serializacao"],"fullName":"GameEngine - QA Checklist Fixes Fase 5 - IA e Serializacao @qa:I01 should hide both players life card contents and only expose opponent hand count","status":"passed","title":"@qa:I01 should hide both players life card contents and only expose opponent hand count","duration":0.1278329999999812,"failureMessages":[],"meta":{},"tags":[]},{"ancestorTitles":["GameEngine - QA Checklist Fixes","Fase 5 - IA e Serializacao"],"fullName":"GameEngine - QA Checklist Fixes Fase 5 - IA e Serializacao @qa:I02 should produce the same initial setup when the same seed is used","status":"passed","title":"@qa:I02 should produce the same initial setup when the same seed is used","duration":0.16737500000002115,"failureMessages":[],"meta":{},"tags":[]},{"ancestorTitles":["GameEngine - QA Checklist Fixes","Fase 5 - IA e Serializacao"],"fullName":"GameEngine - QA Checklist Fixes Fase 5 - IA e Serializacao @qa:I03 should expose opponent decklist only when open_decklist is enabled","status":"passed","title":"@qa:I03 should expose opponent decklist only when open_decklist is enabled","duration":0.13054100000002222,"failureMessages":[],"meta":{},"tags":[]},{"ancestorTitles":["GameEngine - QA Checklist Fixes","Fase 5 - IA e Serializacao"],"fullName":"GameEngine - QA Checklist Fixes Fase 5 - IA e Serializacao @qa:I04 should wait for both mulligan decisions before leaving setup","status":"passed","title":"@qa:I04 should wait for both mulligan decisions before leaving setup","duration":0.2008339999999862,"failureMessages":[],"meta":{},"tags":[]}],"startTime":1775187631681,"endTime":1775187631691.201,"status":"passed","message":"","name":"/Users/jpeg.vinix/Documents/4fun/OP/app/src/engine/GameEngine.test.ts"}]}
